2025/04/21	12:09:43	89831a15-442b-4214-9655-354e50fb1e82	GET	/api/products	http://localhost:3000
2025/04/21	12:09:43	465995dd-bbbb-469f-a554-aa997fab9701	POST	/api/auth/refresh	http://localhost:3000
2025/04/21	12:09:43	f814dff9-7a2a-486e-b468-96abd7646476	POST	/api/auth/refresh	http://localhost:3000
2025/04/21	12:09:45	2548b389-50ad-48a0-a629-4fb47449490e	GET	/api/products	http://localhost:3000
2025/04/21	12:09:49	29864cd8-e56d-4099-b433-49fbbc1eb777	GET	/	undefined
2025/04/21	12:09:49	4acfbaef-0acd-4a9f-8702-b943855b32af	GET	/styles/main.min.css	undefined
2025/04/21	12:10:01	061d3c13-50a9-45aa-abf9-32d6fcd279e0	POST	/api/auth/refresh	http://localhost:3000
2025/04/21	12:10:01	685467ef-42bb-4166-b889-dc23025d47bd	POST	/api/auth/refresh	http://localhost:3000
2025/04/21	12:10:07	0c5cf50f-dc17-45ed-856f-fa96417e91f7	OPTIONS	/api/auth/login	http://localhost:3000
2025/04/21	12:10:07	bfac0907-e618-460f-bb18-d394f7d2b581	POST	/api/auth/login	http://localhost:3000
2025/04/21	12:10:07	3714fb38-440c-43ac-9ab7-ba98bba164df	GET	/api/products	http://localhost:3000
2025/04/21	12:10:09	19eecfde-3a08-46e0-9f76-f09835d1f6d1	GET	/api/products	http://localhost:3000
2025/04/21	12:10:23	a31d3d8c-1c48-4c0b-8b8e-ff48f0816d42	OPTIONS	/api/cart	http://localhost:3000
2025/04/21	12:10:23	b43df229-fb0d-4c77-9f52-c574dd8c3a05	OPTIONS	/api/cart	http://localhost:3000
2025/04/21	12:10:23	b571a9ef-034f-476d-9628-d5fcb79de5ab	GET	/api/cart	http://localhost:3000
2025/04/21	12:10:24	0f501c8a-9a81-411b-9bfc-88092429a3b9	GET	/api/cart	http://localhost:3000
2025/04/21	12:10:24	a21ee9aa-aafe-47e7-8865-c02e4ee84322	GET	/api/cart	http://localhost:3000
2025/04/21	12:10:25	664f2549-52a8-4d20-ad42-7673b90b15c9	GET	/api/cart	http://localhost:3000
2025/04/21	12:14:36	9e3e54e3-9dc5-4c8e-bfae-4ab8fd7eca85	GET	/api/products	http://localhost:3000
2025/04/21	12:14:36	de87fccc-c928-4f5a-ad3b-ddb6b8049e82	POST	/api/auth/refresh	http://localhost:3000
2025/04/21	12:14:36	7fae9928-c376-4de1-a391-985146b5f42c	POST	/api/auth/refresh	http://localhost:3000
2025/04/21	12:14:38	1dc57103-e1cf-4e03-898a-dccee98b2878	GET	/api/products	http://localhost:3000
2025/04/21	12:14:52	6f9ed6f2-0524-467b-bcf7-7322883e31f8	POST	/api/auth/refresh	http://localhost:3000
2025/04/21	12:14:52	cab21ddc-5a9e-4cbb-a54d-a47d4218c629	GET	/api/products	http://localhost:3000
2025/04/21	12:14:52	625e7526-e42a-474b-9cc3-afd30314c558	POST	/api/auth/refresh	http://localhost:3000
2025/04/21	12:14:53	373e2b47-415b-4876-91fa-2d1cf8f22cd0	GET	/api/products	http://localhost:3000
2025/04/21	12:18:22	039854e2-f7c7-44a6-a98c-36924674a218	GET	/api/products	http://localhost:3000
2025/04/21	12:18:22	3bbee6ba-7928-467a-910d-d99602c62eb5	POST	/api/auth/refresh	http://localhost:3000
2025/04/21	12:18:22	339cde08-6675-40c9-99c0-b73557107a29	POST	/api/auth/refresh	http://localhost:3000
2025/04/21	12:18:29	7f9de8d5-5b02-460d-a1fe-6ae9e65dbdb9	POST	/api/auth/refresh	http://localhost:3000
2025/04/21	12:18:29	9059acd6-db22-44fd-9415-4de768ef5879	GET	/api/products	http://localhost:3000
2025/04/21	12:18:29	f8c231d6-49a3-47dd-adc2-afd20c4a29dd	POST	/api/auth/refresh	http://localhost:3000
2025/04/21	12:21:15	09ac78ba-f682-4ba7-8213-ad0f11b45934	OPTIONS	/api/auth/login	http://localhost:3000
2025/04/21	12:21:15	1912b383-4041-43a0-8632-d45a097910d7	POST	/api/auth/login	http://localhost:3000
2025/04/21	12:21:16	17ed3ee5-57f3-4f35-8a57-5bed994b6a1c	GET	/api/products	http://localhost:3000
2025/04/21	12:21:18	bec38396-32b1-4a7f-8cdf-654409f0bb98	GET	/api/products	http://localhost:3000
2025/04/21	12:21:19	9856cf93-afe1-4985-b7ec-e5f54fb80cf9	OPTIONS	/api/cart	http://localhost:3000
2025/04/21	12:21:19	f25b6777-46cc-4813-9459-9a592688c410	OPTIONS	/api/cart	http://localhost:3000
2025/04/21	12:21:19	83d16d9b-4d88-44ec-9164-5a61c6237da7	GET	/api/cart	http://localhost:3000
2025/04/21	12:21:20	6d3c15a2-3163-46d4-97c4-e231569c277d	GET	/api/cart	http://localhost:3000
2025/04/21	12:21:58	e79dd7e6-c13d-4e1c-8491-c1241cdcebad	GET	/api/products	http://localhost:3000
2025/04/21	12:21:58	e0a2623d-0789-4b44-89f1-7afcfed4b59d	POST	/api/auth/refresh	http://localhost:3000
2025/04/21	12:21:58	4139adb4-eeab-48e7-b01d-c558a35dd973	POST	/api/auth/refresh	http://localhost:3000
2025/04/21	12:22:00	6e91ff71-d8d7-427c-93b8-0a0d54be675f	GET	/api/products	http://localhost:3000
2025/04/21	12:25:20	3c8ce749-80a4-4034-a653-1c5c0b7baa4c	POST	/api/auth/refresh	http://localhost:3000
2025/04/21	12:25:20	ec150fb2-f052-4b08-b63a-e8f012ba95b8	GET	/api/products	http://localhost:3000
2025/04/21	12:25:20	9fad9ef7-8d1c-455a-8c50-ec49b50bb95e	POST	/api/auth/refresh	http://localhost:3000
2025/04/21	12:25:23	c73efd0c-8ef1-4f18-af6e-718e99bb001f	GET	/api/products	http://localhost:3000
2025/04/21	12:28:54	ddf7420b-0765-45b7-8bee-152cca574e79	GET	/api/products	http://localhost:3000
2025/04/21	12:28:54	f6577a85-4e16-4057-b056-836bf46f7a7f	POST	/api/auth/refresh	http://localhost:3000
2025/04/21	12:28:54	0d2539ce-0c43-4a1c-a29c-e592cce21af2	POST	/api/auth/refresh	http://localhost:3000
2025/04/21	12:28:55	f5a942b4-e8f6-45e4-947f-cfde3094bd4d	GET	/api/products	http://localhost:3000
2025/04/21	12:30:32	d1e3a773-a66a-434f-b8f3-f055cb672522	GET	/api/products	http://localhost:3000
2025/04/21	12:30:32	f5ae7131-aefb-4731-86a7-28713e5cf2e8	POST	/api/auth/refresh	http://localhost:3000
2025/04/21	12:30:32	d244f10c-5dcc-4399-a6a7-fa8b0d0180db	POST	/api/auth/refresh	http://localhost:3000
2025/04/21	12:30:34	b4053196-5788-46c0-b68e-c7c5645f87a3	GET	/api/products	http://localhost:3000
2025/04/21	12:30:38	c474d4ea-a505-49ca-85a8-51bd6cca14a2	OPTIONS	/api/cart	http://localhost:3000
2025/04/21	12:30:38	6f7c0a22-1b7b-41b4-b9b2-8802b00e02c6	POST	/api/cart	http://localhost:3000
2025/04/21	12:30:45	2e189e96-d916-4557-b122-6fa77b51f96d	OPTIONS	/api/cart	http://localhost:3000
2025/04/21	12:30:45	109796ab-8e3a-438a-928f-1ce1875797ab	GET	/api/cart	http://localhost:3000
2025/04/21	12:30:45	ac434336-3235-44c0-a750-6449d8772936	GET	/api/cart	http://localhost:3000
2025/04/21	12:30:47	7e9525e2-2fcc-4ffe-ab34-9b002aa2a8e0	GET	/api/cart	http://localhost:3000
2025/04/21	12:30:48	789940bc-4ebf-4d0f-a369-a7f4070df611	GET	/api/cart	http://localhost:3000
2025/04/21	12:31:05	5c390216-06a5-45d1-a98c-a4ff183c0685	GET	/api/user/6801e393b77191f8091a41ef	http://localhost:3000
2025/04/21	12:31:05	cbebac2e-5844-4d59-9935-358b61de538f	GET	/api/user/6801e393b77191f8091a41ef	http://localhost:3000
2025/04/21	12:31:05	6e1fc973-b149-431c-89e9-afb1eb6d3f18	GET	/api/user/6801e393b77191f8091a41ef/products	http://localhost:3000
2025/04/21	12:31:07	5c5c1808-2d5d-44af-b05c-6a63e54bb76e	GET	/api/user/6801e393b77191f8091a41ef/products	http://localhost:3000
2025/04/21	12:31:13	5eb22b96-9e03-4fed-86cd-aaa8e3ebe2ea	OPTIONS	/api/cart	http://localhost:3000
2025/04/21	12:31:13	383c50ca-8b0b-4d94-b271-2f36c61739a3	OPTIONS	/api/cart	http://localhost:3000
2025/04/21	12:31:13	7c087163-3f01-464d-8db0-25f25dda4c42	GET	/api/cart	http://localhost:3000
2025/04/21	12:31:14	1bd804a9-7332-46b8-864d-47f29dfde402	GET	/api/cart	http://localhost:3000
2025/04/21	12:31:15	05386476-d45d-4b7a-89a5-203ce38cc502	GET	/api/cart	http://localhost:3000
2025/04/21	12:31:15	e3503ff3-45ae-46cc-bd47-3a9e74c6feac	GET	/api/cart	http://localhost:3000
2025/04/21	12:31:17	9938e004-a5fb-43d9-8a03-75fb9b428e9c	OPTIONS	/api/auth/logout	http://localhost:3000
2025/04/21	12:31:17	0bcff510-af6e-4c4a-9ed1-00aef2fd3e1f	POST	/api/auth/logout	http://localhost:3000
2025/04/21	12:31:29	f4757f67-b54b-482a-80e9-4aa6ae85f33c	GET	/api/products	http://localhost:3000
2025/04/21	12:31:29	a580252b-5780-4aac-8fca-cd3e1337c358	POST	/api/auth/refresh	http://localhost:3000
2025/04/21	12:31:29	8c1db50c-95e6-4196-b522-5c88a14bc261	POST	/api/auth/refresh	http://localhost:3000
2025/04/21	12:31:31	5bc91f96-4743-4f24-996a-8b17004d8ebf	GET	/api/products	http://localhost:3000
2025/04/21	12:31:46	a4a27da3-f8b8-4f1d-9dc0-0ca46486e1d2	OPTIONS	/api/auth/login	http://localhost:3000
2025/04/21	12:31:46	bcd2dd3e-f2d9-4c0e-a021-ae828421c2ff	POST	/api/auth/login	http://localhost:3000
2025/04/21	12:31:47	a8c2c5cc-c45f-479f-8f0a-483745dc6f28	GET	/api/products	http://localhost:3000
2025/04/21	12:31:48	8f1acbda-9a25-4f09-af5b-da33d44d883c	GET	/api/products	http://localhost:3000
2025/04/21	12:32:25	5147f4cf-cc6f-4e42-8f67-cac1b689ed35	POST	/api/auth/refresh	http://localhost:3000
2025/04/21	12:32:25	0f4e18fd-e539-4a51-bc8e-d93e8d467125	GET	/api/products	http://localhost:3000
2025/04/21	12:32:25	7d3c7cdd-c018-411f-bcb9-d2ef6194d3da	POST	/api/auth/refresh	http://localhost:3000
2025/04/21	12:32:27	ec7eec48-d7cf-42fa-b308-83fd2600c1b8	GET	/api/products	http://localhost:3000
2025/04/21	12:32:31	ce964968-f69f-4713-a701-7e398f12c0fc	OPTIONS	/api/auth/logout	http://localhost:3000
2025/04/21	12:32:31	106a5b46-fc3b-43d0-85b1-f5eadc321808	POST	/api/auth/logout	http://localhost:3000
2025/04/21	12:32:36	dd894f45-f0fd-429b-8e43-8adb1219cdce	OPTIONS	/api/auth/login	http://localhost:3000
2025/04/21	12:32:36	ffd125d8-b26a-4ca1-a422-ec0bad76c1a3	POST	/api/auth/login	http://localhost:3000
2025/04/21	12:32:36	c5ee7246-bd3b-4616-944a-11854aa78724	GET	/api/products	http://localhost:3000
2025/04/21	12:32:38	2ee60821-aefa-44e6-9ded-16e418979352	GET	/api/products	http://localhost:3000
2025/04/21	12:32:45	73451686-6320-40a7-8655-0403328811e3	OPTIONS	/api/auth/logout	http://localhost:3000
2025/04/21	12:32:45	4080d3f9-d200-4856-8548-213d526e2d74	POST	/api/auth/logout	http://localhost:3000
2025/04/21	12:32:55	5e312af7-3216-44e0-86a4-84c63e8da2fb	GET	/api/products	http://localhost:3000
2025/04/21	12:32:55	cfb7bc69-b7ec-414e-bc1e-448acb95bc72	POST	/api/auth/refresh	http://localhost:3000
2025/04/21	12:32:55	40d4f3be-2a01-4b96-98f6-e795cfb6ac62	POST	/api/auth/refresh	http://localhost:3000
2025/04/21	12:32:56	0512bc28-be2b-451c-b37b-9bf48e883f20	GET	/api/products	http://localhost:3000
2025/04/21	12:34:11	a37306ae-24eb-4de4-bea0-0e41e11b578a	OPTIONS	/api/auth/register	http://localhost:3000
2025/04/21	12:34:11	59e8b30b-594a-423d-ae55-5fc6732dd91a	POST	/api/auth/register	http://localhost:3000
2025/04/21	12:34:12	af2f53e5-a470-4230-989a-31cf067c5ca9	GET	/api/products	http://localhost:3000
2025/04/21	12:34:14	fa5b6748-318b-4120-aa4b-ae24ee27658d	GET	/api/products	http://localhost:3000
2025/04/21	12:34:22	bf563a0e-6884-4a38-8eeb-b917f8a6441d	OPTIONS	/api/cart	http://localhost:3000
2025/04/21	12:34:22	11a067e4-8cdd-494b-812e-ce0839959f7a	POST	/api/cart	http://localhost:3000
2025/04/21	12:34:25	c972ec26-5f37-47e1-8550-b3b3dea1ed89	GET	/api/cart	http://localhost:3000
2025/04/21	12:34:26	4a6f6fc9-a5cf-4d8b-af98-9c4f5d99dc30	GET	/api/cart	http://localhost:3000
2025/04/21	12:34:26	035aef28-2551-4a5c-827f-acf0efb1a242	OPTIONS	/api/cart/pricing	http://localhost:3000
2025/04/21	12:34:26	361092a5-fc57-4cec-ba88-2fd0e9e8cb57	GET	/api/cart/pricing	http://localhost:3000
2025/04/21	12:34:28	f3c1b9c9-bff9-41f9-83b8-f8da6caa48ca	GET	/api/cart/pricing	http://localhost:3000
2025/04/21	12:34:39	a464e822-e337-4cc4-bfc1-5806f24001da	OPTIONS	/api/order	http://localhost:3000
2025/04/21	12:34:39	9ac5a522-8701-4498-ab1d-4b38c7068dc0	OPTIONS	/api/order	http://localhost:3000
2025/04/21	12:34:39	898ea1ea-2d64-41aa-ab96-80481b2c0177	GET	/api/order	http://localhost:3000
2025/04/21	12:34:39	1dc61979-7ba3-4518-8ffb-025bd0917ce2	GET	/api/order	http://localhost:3000
2025/04/21	12:34:49	350937fe-52f9-42f9-a38d-35b58bcf95ab	OPTIONS	/api/order	http://localhost:3000
2025/04/21	12:34:49	952911cc-7a1e-4af9-8c2a-800ad1172454	POST	/api/order	http://localhost:3000
2025/04/21	12:34:51	548dbac1-1453-4eb4-9e69-c2f82aa4c788	GET	/api/order	http://localhost:3000
2025/04/21	12:34:51	66546b89-7f60-4d0f-9ed9-4fa6920f0f25	GET	/api/order	http://localhost:3000
2025/04/21	12:40:15	1822ecb4-4cbf-4e6f-9b83-52792826b4c0	GET	/api/products	http://localhost:3000
2025/04/21	12:40:15	fc7ad36a-7a0e-45c2-8b08-147c7ae750b2	POST	/api/auth/refresh	http://localhost:3000
2025/04/21	12:40:15	cb32d346-391d-46c6-8a5e-b683ce479c41	POST	/api/auth/refresh	http://localhost:3000
2025/04/21	12:40:16	2ed894b2-9fa3-4559-a7d6-ea49cce8f51a	POST	/api/auth/refresh	http://localhost:3000
2025/04/21	12:40:16	97762300-7ebd-4bfb-807f-4d42bfddcc59	GET	/api/products	http://localhost:3000
2025/04/21	12:40:16	6b6e119e-2421-42f7-b1ce-64a6ae46462f	POST	/api/auth/refresh	http://localhost:3000
2025/04/21	12:40:18	d7b1bddc-adb8-44f6-8069-b5f835f73af3	GET	/api/products	http://localhost:3000
2025/04/21	12:40:28	da107cf6-2e76-4de6-95e7-001b0d30380b	GET	/api/products	http://localhost:3000
2025/04/21	12:40:28	4d40e34e-2d75-412d-8e48-dfc83faa3c06	POST	/api/auth/refresh	http://localhost:3000
2025/04/21	12:40:28	7bfcd7f6-dcce-472a-9147-bce67728d173	POST	/api/auth/refresh	http://localhost:3000
2025/04/21	12:40:29	543d8487-dec0-4ef7-b53a-952207f42b60	GET	/api/products	http://localhost:3000
2025/04/21	12:58:29	d9e5d468-b4fc-4ccd-aafc-ce3033545cb9	GET	/api/products	http://localhost:3000
2025/04/21	12:58:29	eb477f9b-2eb7-4b5c-b3a1-f238f3dbcb31	POST	/api/auth/refresh	http://localhost:3000
2025/04/21	12:58:29	ae0db35c-4b49-4f83-aad9-90e1f104ba03	POST	/api/auth/refresh	http://localhost:3000
2025/04/21	12:58:49	7826b52a-d2b7-4137-877d-cd0878608fe6	GET	/api/products	http://localhost:3000
2025/04/21	15:06:26	377cde53-dfc1-4751-9220-3f98f7ac397d	GET	/	undefined
2025/04/21	15:06:26	b6aee731-8e9a-4d73-b713-8a88bdd7ef62	GET	/styles/main.min.css	undefined
2025/04/21	15:06:26	c3517e71-da97-4e37-b8dc-17adbd079d87	GET	/images/favicon.png	undefined
2025/04/21	15:20:07	5e63dd2e-0cd3-44a0-89cd-8f9067e6a5be	GET	/api/products	http://localhost:3000
2025/04/21	15:20:07	1e36c331-28f7-4f93-9cff-4340054b48f1	POST	/api/auth/refresh	http://localhost:3000
2025/04/21	15:20:08	5bb4f3f6-5716-4a5d-9c1c-fc7be13ae0bc	POST	/api/auth/refresh	http://localhost:3000
2025/04/21	15:20:09	ae76f30b-2d77-47a1-807f-4ec8c3534e32	GET	/api/products	http://localhost:3000
2025/04/22	10:45:36	885d8821-0787-4bfa-87cb-25c4c000f9ad	GET	/api/products	http://localhost:3000
2025/04/22	10:45:36	137c3a01-5ed2-484d-9b30-6b3c4925561a	POST	/api/auth/refresh	http://localhost:3000
2025/04/22	10:45:36	1ccdeacf-9b60-4381-83c5-84b68c394527	POST	/api/auth/refresh	http://localhost:3000
2025/04/22	10:45:37	e95f8cf6-5c75-485d-ada6-67f34f2f8a80	GET	/api/products	http://localhost:3000
2025/04/22	10:45:54	01d197ef-e3b9-47e6-aaa0-9549ec0046be	GET	/api/products	http://localhost:3000
2025/04/22	10:45:56	44137f12-d893-4239-9cb5-6ae34ef84bef	GET	/api/products	http://localhost:3000
2025/04/22	10:55:05	153e35ce-82d3-488f-ba08-c1a5eb03bd78	GET	/api/products	http://localhost:3000
2025/04/22	10:55:05	fa3be2ab-d026-4a59-bfc0-e9ab723be64a	POST	/api/auth/refresh	http://localhost:3000
2025/04/22	10:55:05	08b43217-f045-4a5a-ba78-baa092ec910a	POST	/api/auth/refresh	http://localhost:3000
2025/04/22	10:55:07	04d54385-2084-482d-abf7-7dbc81d4caee	GET	/api/products	http://localhost:3000
2025/04/22	11:30:53	ae27bd08-384c-4345-b28e-c14f9521bd8e	GET	/api/products	http://localhost:3000
2025/04/22	11:30:53	d752447a-b568-4395-8fc9-fcebc42c0dc1	POST	/api/auth/refresh	http://localhost:3000
2025/04/22	11:30:53	b01253bd-1cbe-4536-83be-54b04a2711c8	POST	/api/auth/refresh	http://localhost:3000
2025/04/22	11:30:54	bf875e26-ab39-4832-ab43-32def933c09c	GET	/api/products	http://localhost:3000
2025/04/22	11:46:27	bd29c656-6e6d-4821-a353-91dfcdc5cd8f	GET	/api/products	http://localhost:3000
2025/04/22	11:46:27	eea56039-cdb2-4580-b8b5-eb80bfdacbb8	POST	/api/auth/refresh	http://localhost:3000
2025/04/22	11:46:27	2a56e045-3e6d-4538-8792-171c2874c916	POST	/api/auth/refresh	http://localhost:3000
2025/04/22	11:46:28	3ab0b133-9a3f-4346-ab43-f3c982acd32e	GET	/api/products	http://localhost:3000
2025/04/22	13:51:14	e8f73c5b-f314-421c-91f9-712d8a7d766b	GET	/api/products	http://localhost:3000
2025/04/22	13:51:14	cdaafac9-c73f-4a60-800c-ad9dc8e73c05	POST	/api/auth/refresh	http://localhost:3000
2025/04/22	13:51:14	861e7096-58f2-4345-afae-1ae9ec8a36e1	POST	/api/auth/refresh	http://localhost:3000
2025/04/22	13:51:15	d5c590e2-1e31-4fb9-806d-074b7bcf5027	GET	/api/products	http://localhost:3000
2025/04/22	13:51:21	e1c03271-b9cb-4ca1-8a1f-bf49c3ec5edf	GET	/api/products	http://localhost:3000
2025/04/22	13:51:23	ed112cc1-a765-44b1-a964-5c8d636c0d5e	GET	/api/products	http://localhost:3000
2025/04/22	17:33:02	044bba30-4761-4752-b0e1-e73e9d84880a	GET	/api/products	http://localhost:3000
2025/04/22	17:33:02	4bb06a95-46fa-4fb1-b19f-9e3a566c5848	POST	/api/auth/refresh	http://localhost:3000
2025/04/22	17:33:02	70c85cfa-3cae-42d0-80cb-ef7283a2ce44	POST	/api/auth/refresh	http://localhost:3000
2025/04/22	17:33:04	78ed0dcc-5ec9-4aa4-8af6-9ad81a6ae117	GET	/api/products	http://localhost:3000
